生成启动时间为 2018/9/3 10:24:06。
     1>项目“D:\项目\眼底分级\糖网\代码\软件搭建\FundusImageProcessing\FundusImageProcessing\FundusImageProcessing.vcxproj”在节点 2 上(Build 个目标)。
     1>CustomBuild:
         Uic'ing fundusimageprocessing.ui...
         Moc'ing paramwindow.h...
         Moc'ing MainFrm.h...
         Moc'ing imagescrollarea.h...
         Rcc'ing fundusimageprocessing.qrc...
     1>RCC : warning : No resources in 'D:\椤圭洰\鐪煎簳鍒嗙骇\绯栫綉\浠ｇ爜\杞欢鎼缓\FundusImageProcessing\FundusImageProcessing\fundusimageprocessing.qrc'.
         
       ClCompile:
         D:\vs2013\VC\bin\x86_amd64\CL.exe /c /I.\GeneratedFiles /I. /ID:\Qt\Qt5.6.2\5.6\msvc2013_64\include /I.\GeneratedFiles\Release /ID:\Qt\Qt5.6.2\5.6\msvc2013_64\include\QtCore /ID:\Qt\Qt5.6.2\5.6\msvc2013_64\include\QtGui /ID:\Qt\Qt5.6.2\5.6\msvc2013_64\include\QtWidgets /nologo /W1 /WX- /O2 /D UNICODE /D WIN32 /D WIN64 /D QT_DLL /D QT_NO_DEBUG /D NDEBUG /D QT_CORE_LIB /D QT_GUI_LIB /D QT_WIDGETS_LIB /D QT_DLL /D QT_CORE_LIB /D QT_GUI_LIB /D QT_WIDGETS_LIB /D WIN32 /D WIN64 /Gm- /EHsc /MD /GS /fp:precise /Zc:wchar_t /Zc:forScope /Fo"x64\Release\\" /Fd"x64\Release\vc120.pdb" /Gd /TP /errorReport:prompt base.cpp bloodVesselsegment.cpp BloodVesselSeg.cpp ExudationSeg.cpp exudationSegment.cpp FoveaSeg.cpp HistEquation.cpp Image.cpp LinearTransform.cpp LogTransform.cpp main.cpp MainFrm.cpp Mat2Qimage.cpp OpticDiskSeg.cpp OpticDiskSegment.cpp paramwindow.cpp PowerTransform.cpp test.cpp
         base.cpp
         bloodVesselsegment.cpp
         BloodVesselSeg.cpp
         ExudationSeg.cpp
         exudationSegment.cpp
         FoveaSeg.cpp
         HistEquation.cpp
         Image.cpp
         LinearTransform.cpp
         LogTransform.cpp
         main.cpp
         MainFrm.cpp
         Mat2Qimage.cpp
         OpticDiskSeg.cpp
         OpticDiskSegment.cpp
         paramwindow.cpp
         PowerTransform.cpp
         test.cpp
         正在生成代码...
         D:\vs2013\VC\bin\x86_amd64\CL.exe /c /I.\GeneratedFiles /I. /ID:\Qt\Qt5.6.2\5.6\msvc2013_64\include /I.\GeneratedFiles\Release /ID:\Qt\Qt5.6.2\5.6\msvc2013_64\include\QtCore /ID:\Qt\Qt5.6.2\5.6\msvc2013_64\include\QtGui /ID:\Qt\Qt5.6.2\5.6\msvc2013_64\include\QtWidgets /nologo /W1 /WX- /O2 /D UNICODE /D WIN32 /D WIN64 /D QT_DLL /D QT_NO_DEBUG /D NDEBUG /D QT_CORE_LIB /D QT_GUI_LIB /D QT_WIDGETS_LIB /D QT_DLL /D QT_CORE_LIB /D QT_GUI_LIB /D QT_WIDGETS_LIB /D WIN32 /D WIN64 /Gm- /EHsc /MD /GS /fp:precise /Zc:wchar_t /Zc:forScope /Fo"x64\Release\\" /Fd"x64\Release\vc120.pdb" /Gd /TP /errorReport:prompt GeneratedFiles\qrc_fundusimageprocessing.cpp
         qrc_fundusimageprocessing.cpp
       Link:
         D:\vs2013\VC\bin\x86_amd64\link.exe /ERRORREPORT:PROMPT /OUT:"D:\项目\眼底分级\糖网\代码\软件搭建\FundusImageProcessing\x64\Release\\FundusImageProcessing.exe" /NOLOGO /LIBPATH:D:\Qt\Qt5.6.2\5.6\msvc2013_64\lib qtmain.lib Qt5Core.lib Qt5Gui.lib Qt5Widgets.lib qtmaind.lib Qt5Cored.lib Qt5Guid.lib Qt5Widgetsd.lib Qt5Sqld.lib kernel32.lib user32.lib gdi32.lib winspool.lib comdlg32.lib advapi32.lib shell32.lib ole32.lib oleaut32.lib uuid.lib odbc32.lib odbccp32.lib vfw32.lib comctl32.lib opencv_calib3d340d.lib opencv_core340d.lib opencv_dnn340d.lib opencv_features2d340d.lib opencv_flann340d.lib opencv_highgui340d.lib opencv_imgcodecs340d.lib opencv_imgproc340d.lib opencv_ml340d.lib opencv_objdetect340d.lib opencv_photo340d.lib opencv_shape340d.lib opencv_stitching340d.lib opencv_superres340d.lib opencv_video340d.lib opencv_videoio340d.lib opencv_videostab340d.lib kernel32.lib user32.lib gdi32.lib winspool.lib comdlg32.lib advapi32.lib shell32.lib ole32.lib oleaut32.lib uuid.lib odbc32.lib odbccp32.lib /MANIFEST /MANIFESTUAC:"level='asInvoker' uiAccess='false'" /manifest:embed /PDB:"D:\项目\眼底分级\糖网\代码\软件搭建\FundusImageProcessing\x64\Release\FundusImageProcessing.pdb" /SUBSYSTEM:WINDOWS /TLBID:1 /DYNAMICBASE /NXCOMPAT /IMPLIB:"D:\项目\眼底分级\糖网\代码\软件搭建\FundusImageProcessing\x64\Release\FundusImageProcessing.lib" /MACHINE:X64 x64\Release\base.obj
         x64\Release\bloodVesselsegment.obj
         x64\Release\BloodVesselSeg.obj
         x64\Release\ExudationSeg.obj
         x64\Release\exudationSegment.obj
         x64\Release\FoveaSeg.obj
         x64\Release\qrc_fundusimageprocessing.obj
         x64\Release\HistEquation.obj
         x64\Release\Image.obj
         x64\Release\LinearTransform.obj
         x64\Release\LogTransform.obj
         x64\Release\main.obj
         x64\Release\MainFrm.obj
         x64\Release\Mat2Qimage.obj
         x64\Release\OpticDiskSeg.obj
         x64\Release\OpticDiskSegment.obj
         x64\Release\paramwindow.obj
         x64\Release\PowerTransform.obj
         x64\Release\test.obj
     1>BloodVesselSeg.obj : error LNK2019: 无法解析的外部符号 "class cv::_InputOutputArray const & __cdecl cv::noArray(void)" (?noArray@cv@@YAAEBV_InputOutputArray@1@XZ)，该符号在函数 "public: void __cdecl BloodVesselSeg::BVSegment(class cv::Mat &,int,double)" (?BVSegment@BloodVesselSeg@@QEAAXAEAVMat@cv@@HN@Z) 中被引用
     1>ExudationSeg.obj : error LNK2001: 无法解析的外部符号 "class cv::_InputOutputArray const & __cdecl cv::noArray(void)" (?noArray@cv@@YAAEBV_InputOutputArray@1@XZ)
     1>FoveaSeg.obj : error LNK2001: 无法解析的外部符号 "class cv::_InputOutputArray const & __cdecl cv::noArray(void)" (?noArray@cv@@YAAEBV_InputOutputArray@1@XZ)
     1>OpticDiskSeg.obj : error LNK2001: 无法解析的外部符号 "class cv::_InputOutputArray const & __cdecl cv::noArray(void)" (?noArray@cv@@YAAEBV_InputOutputArray@1@XZ)
     1>BloodVesselSeg.obj : error LNK2019: 无法解析的外部符号 "public: void __cdecl cv::Mat::copyTo(class cv::_OutputArray const &)const " (?copyTo@Mat@cv@@QEBAXAEBV_OutputArray@2@@Z)，该符号在函数 "public: class cv::Mat __cdecl cv::Mat::clone(void)const " (?clone@Mat@cv@@QEBA?AV12@XZ) 中被引用
     1>ExudationSeg.obj : error LNK2001: 无法解析的外部符号 "public: void __cdecl cv::Mat::copyTo(class cv::_OutputArray const &)const " (?copyTo@Mat@cv@@QEBAXAEBV_OutputArray@2@@Z)
     1>FoveaSeg.obj : error LNK2001: 无法解析的外部符号 "public: void __cdecl cv::Mat::copyTo(class cv::_OutputArray const &)const " (?copyTo@Mat@cv@@QEBAXAEBV_OutputArray@2@@Z)
     1>OpticDiskSeg.obj : error LNK2001: 无法解析的外部符号 "public: void __cdecl cv::Mat::copyTo(class cv::_OutputArray const &)const " (?copyTo@Mat@cv@@QEBAXAEBV_OutputArray@2@@Z)
     1>BloodVesselSeg.obj : error LNK2019: 无法解析的外部符号 "public: class cv::MatExpr __cdecl cv::Mat::mul(class cv::_InputArray const &,double)const " (?mul@Mat@cv@@QEBA?AVMatExpr@2@AEBV_InputArray@2@N@Z)，该符号在函数 "public: void __cdecl BloodVesselSeg::BVSegment(class cv::Mat &,int,double)" (?BVSegment@BloodVesselSeg@@QEAAXAEAVMat@cv@@HN@Z) 中被引用
     1>ExudationSeg.obj : error LNK2001: 无法解析的外部符号 "public: class cv::MatExpr __cdecl cv::Mat::mul(class cv::_InputArray const &,double)const " (?mul@Mat@cv@@QEBA?AVMatExpr@2@AEBV_InputArray@2@N@Z)
     1>OpticDiskSeg.obj : error LNK2001: 无法解析的外部符号 "public: class cv::MatExpr __cdecl cv::Mat::mul(class cv::_InputArray const &,double)const " (?mul@Mat@cv@@QEBA?AVMatExpr@2@AEBV_InputArray@2@N@Z)
     1>BloodVesselSeg.obj : error LNK2019: 无法解析的外部符号 "class cv::Scalar_<double> __cdecl cv::mean(class cv::_InputArray const &,class cv::_InputArray const &)" (?mean@cv@@YA?AV?$Scalar_@N@1@AEBV_InputArray@1@0@Z)，该符号在函数 "public: void __cdecl BloodVesselSeg::BVSegment(class cv::Mat &,int,double)" (?BVSegment@BloodVesselSeg@@QEAAXAEAVMat@cv@@HN@Z) 中被引用
     1>ExudationSeg.obj : error LNK2001: 无法解析的外部符号 "class cv::Scalar_<double> __cdecl cv::mean(class cv::_InputArray const &,class cv::_InputArray const &)" (?mean@cv@@YA?AV?$Scalar_@N@1@AEBV_InputArray@1@0@Z)
     1>FoveaSeg.obj : error LNK2001: 无法解析的外部符号 "class cv::Scalar_<double> __cdecl cv::mean(class cv::_InputArray const &,class cv::_InputArray const &)" (?mean@cv@@YA?AV?$Scalar_@N@1@AEBV_InputArray@1@0@Z)
     1>OpticDiskSeg.obj : error LNK2001: 无法解析的外部符号 "class cv::Scalar_<double> __cdecl cv::mean(class cv::_InputArray const &,class cv::_InputArray const &)" (?mean@cv@@YA?AV?$Scalar_@N@1@AEBV_InputArray@1@0@Z)
     1>BloodVesselSeg.obj : error LNK2019: 无法解析的外部符号 "void __cdecl cv::split(class cv::_InputArray const &,class cv::_OutputArray const &)" (?split@cv@@YAXAEBV_InputArray@1@AEBV_OutputArray@1@@Z)，该符号在函数 "public: void __cdecl BloodVesselSeg::BVSegment(class cv::Mat &,int,double)" (?BVSegment@BloodVesselSeg@@QEAAXAEAVMat@cv@@HN@Z) 中被引用
     1>ExudationSeg.obj : error LNK2001: 无法解析的外部符号 "void __cdecl cv::split(class cv::_InputArray const &,class cv::_OutputArray const &)" (?split@cv@@YAXAEBV_InputArray@1@AEBV_OutputArray@1@@Z)
     1>FoveaSeg.obj : error LNK2001: 无法解析的外部符号 "void __cdecl cv::split(class cv::_InputArray const &,class cv::_OutputArray const &)" (?split@cv@@YAXAEBV_InputArray@1@AEBV_OutputArray@1@@Z)
     1>OpticDiskSeg.obj : error LNK2001: 无法解析的外部符号 "void __cdecl cv::split(class cv::_InputArray const &,class cv::_OutputArray const &)" (?split@cv@@YAXAEBV_InputArray@1@AEBV_OutputArray@1@@Z)
     1>BloodVesselSeg.obj : error LNK2019: 无法解析的外部符号 "void __cdecl cv::medianBlur(class cv::_InputArray const &,class cv::_OutputArray const &,int)" (?medianBlur@cv@@YAXAEBV_InputArray@1@AEBV_OutputArray@1@H@Z)，该符号在函数 "public: void __cdecl BloodVesselSeg::BVSegment(class cv::Mat &,int,double)" (?BVSegment@BloodVesselSeg@@QEAAXAEAVMat@cv@@HN@Z) 中被引用
     1>ExudationSeg.obj : error LNK2001: 无法解析的外部符号 "void __cdecl cv::medianBlur(class cv::_InputArray const &,class cv::_OutputArray const &,int)" (?medianBlur@cv@@YAXAEBV_InputArray@1@AEBV_OutputArray@1@H@Z)
     1>BloodVesselSeg.obj : error LNK2019: 无法解析的外部符号 "void __cdecl cv::blur(class cv::_InputArray const &,class cv::_OutputArray const &,class cv::Size_<int>,class cv::Point_<int>,int)" (?blur@cv@@YAXAEBV_InputArray@1@AEBV_OutputArray@1@V?$Size_@H@1@V?$Point_@H@1@H@Z)，该符号在函数 "public: void __cdecl BloodVesselSeg::edgeDetect(class cv::Mat const &,class cv::Mat &,class cv::Mat &,int * const)" (?edgeDetect@BloodVesselSeg@@QEAAXAEBVMat@cv@@AEAV23@1QEAH@Z) 中被引用
     1>ExudationSeg.obj : error LNK2001: 无法解析的外部符号 "void __cdecl cv::blur(class cv::_InputArray const &,class cv::_OutputArray const &,class cv::Size_<int>,class cv::Point_<int>,int)" (?blur@cv@@YAXAEBV_InputArray@1@AEBV_OutputArray@1@V?$Size_@H@1@V?$Point_@H@1@H@Z)
     1>BloodVesselSeg.obj : error LNK2019: 无法解析的外部符号 "void __cdecl cv::Canny(class cv::_InputArray const &,class cv::_OutputArray const &,double,double,int,bool)" (?Canny@cv@@YAXAEBV_InputArray@1@AEBV_OutputArray@1@NNH_N@Z)，该符号在函数 "public: void __cdecl BloodVesselSeg::edgeDetect(class cv::Mat const &,class cv::Mat &,class cv::Mat &,int * const)" (?edgeDetect@BloodVesselSeg@@QEAAXAEBVMat@cv@@AEAV23@1QEAH@Z) 中被引用
     1>ExudationSeg.obj : error LNK2001: 无法解析的外部符号 "void __cdecl cv::Canny(class cv::_InputArray const &,class cv::_OutputArray const &,double,double,int,bool)" (?Canny@cv@@YAXAEBV_InputArray@1@AEBV_OutputArray@1@NNH_N@Z)
     1>OpticDiskSeg.obj : error LNK2001: 无法解析的外部符号 "void __cdecl cv::Canny(class cv::_InputArray const &,class cv::_OutputArray const &,double,double,int,bool)" (?Canny@cv@@YAXAEBV_InputArray@1@AEBV_OutputArray@1@NNH_N@Z)
     1>BloodVesselSeg.obj : error LNK2019: 无法解析的外部符号 "void __cdecl cv::erode(class cv::_InputArray const &,class cv::_OutputArray const &,class cv::_InputArray const &,class cv::Point_<int>,int,int,class cv::Scalar_<double> const &)" (?erode@cv@@YAXAEBV_InputArray@1@AEBV_OutputArray@1@0V?$Point_@H@1@HHAEBV?$Scalar_@N@1@@Z)，该符号在函数 "public: void __cdecl BloodVesselSeg::edgeDetect(class cv::Mat const &,class cv::Mat &,class cv::Mat &,int * const)" (?edgeDetect@BloodVesselSeg@@QEAAXAEBVMat@cv@@AEAV23@1QEAH@Z) 中被引用
     1>ExudationSeg.obj : error LNK2001: 无法解析的外部符号 "void __cdecl cv::erode(class cv::_InputArray const &,class cv::_OutputArray const &,class cv::_InputArray const &,class cv::Point_<int>,int,int,class cv::Scalar_<double> const &)" (?erode@cv@@YAXAEBV_InputArray@1@AEBV_OutputArray@1@0V?$Point_@H@1@HHAEBV?$Scalar_@N@1@@Z)
     1>FoveaSeg.obj : error LNK2001: 无法解析的外部符号 "void __cdecl cv::erode(class cv::_InputArray const &,class cv::_OutputArray const &,class cv::_InputArray const &,class cv::Point_<int>,int,int,class cv::Scalar_<double> const &)" (?erode@cv@@YAXAEBV_InputArray@1@AEBV_OutputArray@1@0V?$Point_@H@1@HHAEBV?$Scalar_@N@1@@Z)
     1>BloodVesselSeg.obj : error LNK2019: 无法解析的外部符号 "void __cdecl cv::dilate(class cv::_InputArray const &,class cv::_OutputArray const &,class cv::_InputArray const &,class cv::Point_<int>,int,int,class cv::Scalar_<double> const &)" (?dilate@cv@@YAXAEBV_InputArray@1@AEBV_OutputArray@1@0V?$Point_@H@1@HHAEBV?$Scalar_@N@1@@Z)，该符号在函数 "public: void __cdecl BloodVesselSeg::edgeDetect(class cv::Mat const &,class cv::Mat &,class cv::Mat &,int * const)" (?edgeDetect@BloodVesselSeg@@QEAAXAEBVMat@cv@@AEAV23@1QEAH@Z) 中被引用
     1>ExudationSeg.obj : error LNK2001: 无法解析的外部符号 "void __cdecl cv::dilate(class cv::_InputArray const &,class cv::_OutputArray const &,class cv::_InputArray const &,class cv::Point_<int>,int,int,class cv::Scalar_<double> const &)" (?dilate@cv@@YAXAEBV_InputArray@1@AEBV_OutputArray@1@0V?$Point_@H@1@HHAEBV?$Scalar_@N@1@@Z)
     1>BloodVesselSeg.obj : error LNK2019: 无法解析的外部符号 "void __cdecl cv::morphologyEx(class cv::_InputArray const &,class cv::_OutputArray const &,int,class cv::_InputArray const &,class cv::Point_<int>,int,int,class cv::Scalar_<double> const &)" (?morphologyEx@cv@@YAXAEBV_InputArray@1@AEBV_OutputArray@1@H0V?$Point_@H@1@HHAEBV?$Scalar_@N@1@@Z)，该符号在函数 "public: void __cdecl BloodVesselSeg::BVSegment(class cv::Mat &,int,double)" (?BVSegment@BloodVesselSeg@@QEAAXAEAVMat@cv@@HN@Z) 中被引用
     1>ExudationSeg.obj : error LNK2001: 无法解析的外部符号 "void __cdecl cv::morphologyEx(class cv::_InputArray const &,class cv::_OutputArray const &,int,class cv::_InputArray const &,class cv::Point_<int>,int,int,class cv::Scalar_<double> const &)" (?morphologyEx@cv@@YAXAEBV_InputArray@1@AEBV_OutputArray@1@H0V?$Point_@H@1@HHAEBV?$Scalar_@N@1@@Z)
     1>OpticDiskSeg.obj : error LNK2001: 无法解析的外部符号 "void __cdecl cv::morphologyEx(class cv::_InputArray const &,class cv::_OutputArray const &,int,class cv::_InputArray const &,class cv::Point_<int>,int,int,class cv::Scalar_<double> const &)" (?morphologyEx@cv@@YAXAEBV_InputArray@1@AEBV_OutputArray@1@H0V?$Point_@H@1@HHAEBV?$Scalar_@N@1@@Z)
     1>BloodVesselSeg.obj : error LNK2019: 无法解析的外部符号 "double __cdecl cv::threshold(class cv::_InputArray const &,class cv::_OutputArray const &,double,double,int)" (?threshold@cv@@YANAEBV_InputArray@1@AEBV_OutputArray@1@NNH@Z)，该符号在函数 "public: void __cdecl BloodVesselSeg::BVSegment(class cv::Mat &,int,double)" (?BVSegment@BloodVesselSeg@@QEAAXAEAVMat@cv@@HN@Z) 中被引用
     1>ExudationSeg.obj : error LNK2001: 无法解析的外部符号 "double __cdecl cv::threshold(class cv::_InputArray const &,class cv::_OutputArray const &,double,double,int)" (?threshold@cv@@YANAEBV_InputArray@1@AEBV_OutputArray@1@NNH@Z)
     1>FoveaSeg.obj : error LNK2001: 无法解析的外部符号 "double __cdecl cv::threshold(class cv::_InputArray const &,class cv::_OutputArray const &,double,double,int)" (?threshold@cv@@YANAEBV_InputArray@1@AEBV_OutputArray@1@NNH@Z)
     1>OpticDiskSeg.obj : error LNK2001: 无法解析的外部符号 "double __cdecl cv::threshold(class cv::_InputArray const &,class cv::_OutputArray const &,double,double,int)" (?threshold@cv@@YANAEBV_InputArray@1@AEBV_OutputArray@1@NNH@Z)
     1>BloodVesselSeg.obj : error LNK2019: 无法解析的外部符号 "int __cdecl cv::floodFill(class cv::_InputOutputArray const &,class cv::Point_<int>,class cv::Scalar_<double>,class cv::Rect_<int> *,class cv::Scalar_<double>,class cv::Scalar_<double>,int)" (?floodFill@cv@@YAHAEBV_InputOutputArray@1@V?$Point_@H@1@V?$Scalar_@N@1@PEAV?$Rect_@H@1@22H@Z)，该符号在函数 "public: void __cdecl BloodVesselSeg::fillHole(class cv::Mat,class cv::Mat &)" (?fillHole@BloodVesselSeg@@QEAAXVMat@cv@@AEAV23@@Z) 中被引用
     1>ExudationSeg.obj : error LNK2001: 无法解析的外部符号 "int __cdecl cv::floodFill(class cv::_InputOutputArray const &,class cv::Point_<int>,class cv::Scalar_<double>,class cv::Rect_<int> *,class cv::Scalar_<double>,class cv::Scalar_<double>,int)" (?floodFill@cv@@YAHAEBV_InputOutputArray@1@V?$Point_@H@1@V?$Scalar_@N@1@PEAV?$Rect_@H@1@22H@Z)
     1>Mat2Qimage.obj : error LNK2001: 无法解析的外部符号 "void __cdecl cv::cvtColor(class cv::_InputArray const &,class cv::_OutputArray const &,int,int)" (?cvtColor@cv@@YAXAEBV_InputArray@1@AEBV_OutputArray@1@HH@Z)
     1>OpticDiskSeg.obj : error LNK2001: 无法解析的外部符号 "void __cdecl cv::cvtColor(class cv::_InputArray const &,class cv::_OutputArray const &,int,int)" (?cvtColor@cv@@YAXAEBV_InputArray@1@AEBV_OutputArray@1@HH@Z)
     1>BloodVesselSeg.obj : error LNK2019: 无法解析的外部符号 "void __cdecl cv::cvtColor(class cv::_InputArray const &,class cv::_OutputArray const &,int,int)" (?cvtColor@cv@@YAXAEBV_InputArray@1@AEBV_OutputArray@1@HH@Z)，该符号在函数 "public: void __cdecl BloodVesselSeg::BVSegment(class cv::Mat &,int,double)" (?BVSegment@BloodVesselSeg@@QEAAXAEAVMat@cv@@HN@Z) 中被引用
     1>ExudationSeg.obj : error LNK2001: 无法解析的外部符号 "void __cdecl cv::cvtColor(class cv::_InputArray const &,class cv::_OutputArray const &,int,int)" (?cvtColor@cv@@YAXAEBV_InputArray@1@AEBV_OutputArray@1@HH@Z)
     1>FoveaSeg.obj : error LNK2001: 无法解析的外部符号 "void __cdecl cv::cvtColor(class cv::_InputArray const &,class cv::_OutputArray const &,int,int)" (?cvtColor@cv@@YAXAEBV_InputArray@1@AEBV_OutputArray@1@HH@Z)
     1>LinearTransform.obj : error LNK2001: 无法解析的外部符号 "void __cdecl cv::cvtColor(class cv::_InputArray const &,class cv::_OutputArray const &,int,int)" (?cvtColor@cv@@YAXAEBV_InputArray@1@AEBV_OutputArray@1@HH@Z)
     1>BloodVesselSeg.obj : error LNK2019: 无法解析的外部符号 "void __cdecl cv::findContours(class cv::_InputOutputArray const &,class cv::_OutputArray const &,int,int,class cv::Point_<int>)" (?findContours@cv@@YAXAEBV_InputOutputArray@1@AEBV_OutputArray@1@HHV?$Point_@H@1@@Z)，该符号在函数 "public: void __cdecl BloodVesselSeg::BVSegment(class cv::Mat &,int,double)" (?BVSegment@BloodVesselSeg@@QEAAXAEAVMat@cv@@HN@Z) 中被引用
     1>FoveaSeg.obj : error LNK2001: 无法解析的外部符号 "void __cdecl cv::findContours(class cv::_InputOutputArray const &,class cv::_OutputArray const &,int,int,class cv::Point_<int>)" (?findContours@cv@@YAXAEBV_InputOutputArray@1@AEBV_OutputArray@1@HHV?$Point_@H@1@@Z)
     1>BloodVesselSeg.obj : error LNK2019: 无法解析的外部符号 "double __cdecl cv::contourArea(class cv::_InputArray const &,bool)" (?contourArea@cv@@YANAEBV_InputArray@1@_N@Z)，该符号在函数 "public: void __cdecl BloodVesselSeg::BVSegment(class cv::Mat &,int,double)" (?BVSegment@BloodVesselSeg@@QEAAXAEAVMat@cv@@HN@Z) 中被引用
     1>FoveaSeg.obj : error LNK2001: 无法解析的外部符号 "double __cdecl cv::contourArea(class cv::_InputArray const &,bool)" (?contourArea@cv@@YANAEBV_InputArray@1@_N@Z)
     1>BloodVesselSeg.obj : error LNK2019: 无法解析的外部符号 "void __cdecl cv::drawContours(class cv::_InputOutputArray const &,class cv::_InputArray const &,int,class cv::Scalar_<double> const &,int,int,class cv::_InputArray const &,int,class cv::Point_<int>)" (?drawContours@cv@@YAXAEBV_InputOutputArray@1@AEBV_InputArray@1@HAEBV?$Scalar_@N@1@HH1HV?$Point_@H@1@@Z)，该符号在函数 "public: void __cdecl BloodVesselSeg::BVSegment(class cv::Mat &,int,double)" (?BVSegment@BloodVesselSeg@@QEAAXAEAVMat@cv@@HN@Z) 中被引用
     1>FoveaSeg.obj : error LNK2001: 无法解析的外部符号 "void __cdecl cv::drawContours(class cv::_InputOutputArray const &,class cv::_InputArray const &,int,class cv::Scalar_<double> const &,int,int,class cv::_InputArray const &,int,class cv::Point_<int>)" (?drawContours@cv@@YAXAEBV_InputOutputArray@1@AEBV_InputArray@1@HAEBV?$Scalar_@N@1@HH1HV?$Point_@H@1@@Z)
     1>ExudationSeg.obj : error LNK2019: 无法解析的外部符号 "public: void __cdecl cv::Mat::convertTo(class cv::_OutputArray const &,int,double,double)const " (?convertTo@Mat@cv@@QEBAXAEBV_OutputArray@2@HNN@Z)，该符号在函数 "public: void __cdecl ExudationSeg::ExudationSegment(class cv::Mat &,class cv::Mat &,int)" (?ExudationSegment@ExudationSeg@@QEAAXAEAVMat@cv@@0H@Z) 中被引用
     1>FoveaSeg.obj : error LNK2001: 无法解析的外部符号 "public: void __cdecl cv::Mat::convertTo(class cv::_OutputArray const &,int,double,double)const " (?convertTo@Mat@cv@@QEBAXAEBV_OutputArray@2@HNN@Z)
     1>OpticDiskSeg.obj : error LNK2001: 无法解析的外部符号 "public: void __cdecl cv::Mat::convertTo(class cv::_OutputArray const &,int,double,double)const " (?convertTo@Mat@cv@@QEBAXAEBV_OutputArray@2@HNN@Z)
     1>ExudationSeg.obj : error LNK2019: 无法解析的外部符号 "class cv::Scalar_<double> __cdecl cv::sum(class cv::_InputArray const &)" (?sum@cv@@YA?AV?$Scalar_@N@1@AEBV_InputArray@1@@Z)，该符号在函数 "public: void __cdecl ExudationSeg::morphReconstruct(class cv::Mat &,class cv::Mat &,class cv::Mat &)" (?morphReconstruct@ExudationSeg@@QEAAXAEAVMat@cv@@00@Z) 中被引用
     1>ExudationSeg.obj : error LNK2019: 无法解析的外部符号 "void __cdecl cv::normalize(class cv::_InputArray const &,class cv::_InputOutputArray const &,double,double,int,int,class cv::_InputArray const &)" (?normalize@cv@@YAXAEBV_InputArray@1@AEBV_InputOutputArray@1@NNHH0@Z)，该符号在函数 "public: void __cdecl ExudationSeg::ExudationSegment(class cv::Mat &,class cv::Mat &,int)" (?ExudationSegment@ExudationSeg@@QEAAXAEAVMat@cv@@0H@Z) 中被引用
     1>FoveaSeg.obj : error LNK2001: 无法解析的外部符号 "void __cdecl cv::normalize(class cv::_InputArray const &,class cv::_InputOutputArray const &,double,double,int,int,class cv::_InputArray const &)" (?normalize@cv@@YAXAEBV_InputArray@1@AEBV_InputOutputArray@1@NNHH0@Z)
     1>ExudationSeg.obj : error LNK2019: 无法解析的外部符号 "void __cdecl cv::merge(class cv::_InputArray const &,class cv::_OutputArray const &)" (?merge@cv@@YAXAEBV_InputArray@1@AEBV_OutputArray@1@@Z)，该符号在函数 "public: void __cdecl ExudationSeg::ExudationSegment(class cv::Mat &,class cv::Mat &,int)" (?ExudationSegment@ExudationSeg@@QEAAXAEAVMat@cv@@0H@Z) 中被引用
     1>OpticDiskSeg.obj : error LNK2001: 无法解析的外部符号 "void __cdecl cv::merge(class cv::_InputArray const &,class cv::_OutputArray const &)" (?merge@cv@@YAXAEBV_InputArray@1@AEBV_OutputArray@1@@Z)
     1>ExudationSeg.obj : error LNK2019: 无法解析的外部符号 "void __cdecl cv::compare(class cv::_InputArray const &,class cv::_InputArray const &,class cv::_OutputArray const &,int)" (?compare@cv@@YAXAEBV_InputArray@1@0AEBV_OutputArray@1@H@Z)，该符号在函数 "public: void __cdecl ExudationSeg::morphReconstruct(class cv::Mat &,class cv::Mat &,class cv::Mat &)" (?morphReconstruct@ExudationSeg@@QEAAXAEAVMat@cv@@00@Z) 中被引用
     1>ExudationSeg.obj : error LNK2019: 无法解析的外部符号 "void __cdecl cv::filter2D(class cv::_InputArray const &,class cv::_OutputArray const &,int,class cv::_InputArray const &,class cv::Point_<int>,double,int)" (?filter2D@cv@@YAXAEBV_InputArray@1@AEBV_OutputArray@1@H0V?$Point_@H@1@NH@Z)，该符号在函数 "public: void __cdecl ExudationSeg::stdfilt(class cv::Mat const &,class cv::Mat &,int)" (?stdfilt@ExudationSeg@@QEAAXAEBVMat@cv@@AEAV23@H@Z) 中被引用
     1>OpticDiskSeg.obj : error LNK2001: 无法解析的外部符号 "void __cdecl cv::filter2D(class cv::_InputArray const &,class cv::_OutputArray const &,int,class cv::_InputArray const &,class cv::Point_<int>,double,int)" (?filter2D@cv@@YAXAEBV_InputArray@1@AEBV_OutputArray@1@H0V?$Point_@H@1@NH@Z)
     1>FoveaSeg.obj : error LNK2019: 无法解析的外部符号 "void __cdecl cv::subtract(class cv::_InputArray const &,class cv::_InputArray const &,class cv::_OutputArray const &,class cv::_InputArray const &,int)" (?subtract@cv@@YAXAEBV_InputArray@1@0AEBV_OutputArray@1@0H@Z)，该符号在函数 "class cv::Mat & __cdecl cv::operator-=(class cv::Mat &,class cv::Mat const &)" (??Zcv@@YAAEAVMat@0@AEAV10@AEBV10@@Z) 中被引用
     1>FoveaSeg.obj : error LNK2019: 无法解析的外部符号 "void __cdecl cv::minMaxLoc(class cv::_InputArray const &,double *,double *,class cv::Point_<int> *,class cv::Point_<int> *,class cv::_InputArray const &)" (?minMaxLoc@cv@@YAXAEBV_InputArray@1@PEAN1PEAV?$Point_@H@1@20@Z)，该符号在函数 "public: void __cdecl FoveaSeg::FoveaSegment(class cv::Mat &,class cv::Mat &,class cv::RotatedRect &,int,double)" (?FoveaSegment@FoveaSeg@@QEAAXAEAVMat@cv@@0AEAVRotatedRect@3@HN@Z) 中被引用
     1>OpticDiskSeg.obj : error LNK2001: 无法解析的外部符号 "void __cdecl cv::minMaxLoc(class cv::_InputArray const &,double *,double *,class cv::Point_<int> *,class cv::Point_<int> *,class cv::_InputArray const &)" (?minMaxLoc@cv@@YAXAEBV_InputArray@1@PEAN1PEAV?$Point_@H@1@20@Z)
     1>FoveaSeg.obj : error LNK2019: 无法解析的外部符号 "void __cdecl cv::circle(class cv::_InputOutputArray const &,class cv::Point_<int>,int,class cv::Scalar_<double> const &,int,int,int)" (?circle@cv@@YAXAEBV_InputOutputArray@1@V?$Point_@H@1@HAEBV?$Scalar_@N@1@HHH@Z)，该符号在函数 "public: void __cdecl FoveaSeg::FoveaSegment(class cv::Mat &,class cv::Mat &,class cv::RotatedRect &,int,double)" (?FoveaSegment@FoveaSeg@@QEAAXAEAVMat@cv@@0AEAVRotatedRect@3@HN@Z) 中被引用
     1>MainFrm.obj : error LNK2001: 无法解析的外部符号 "public: virtual struct QMetaObject const * __cdecl ImgScrollArea::metaObject(void)const " (?metaObject@ImgScrollArea@@UEBAPEBUQMetaObject@@XZ)
     1>MainFrm.obj : error LNK2001: 无法解析的外部符号 "public: virtual void * __cdecl ImgScrollArea::qt_metacast(char const *)" (?qt_metacast@ImgScrollArea@@UEAAPEAXPEBD@Z)
     1>MainFrm.obj : error LNK2001: 无法解析的外部符号 "public: virtual int __cdecl ImgScrollArea::qt_metacall(enum QMetaObject::Call,int,void * *)" (?qt_metacall@ImgScrollArea@@UEAAHW4Call@QMetaObject@@HPEAPEAX@Z)
     1>MainFrm.obj : error LNK2001: 无法解析的外部符号 "public: virtual struct QMetaObject const * __cdecl MainWindow::metaObject(void)const " (?metaObject@MainWindow@@UEBAPEBUQMetaObject@@XZ)
     1>MainFrm.obj : error LNK2001: 无法解析的外部符号 "public: virtual void * __cdecl MainWindow::qt_metacast(char const *)" (?qt_metacast@MainWindow@@UEAAPEAXPEBD@Z)
     1>MainFrm.obj : error LNK2001: 无法解析的外部符号 "public: virtual int __cdecl MainWindow::qt_metacall(enum QMetaObject::Call,int,void * *)" (?qt_metacall@MainWindow@@UEAAHW4Call@QMetaObject@@HPEAPEAX@Z)
     1>MainFrm.obj : error LNK2019: 无法解析的外部符号 "public: static struct QMetaObject const MainWindow::staticMetaObject" (?staticMetaObject@MainWindow@@2UQMetaObject@@B)，该符号在函数 "public: static class QString __cdecl MainWindow::tr(char const *,char const *,int)" (?tr@MainWindow@@SA?AVQString@@PEBD0H@Z) 中被引用
     1>OpticDiskSeg.obj : error LNK2019: 无法解析的外部符号 "void __cdecl cv::copyMakeBorder(class cv::_InputArray const &,class cv::_OutputArray const &,int,int,int,int,int,class cv::Scalar_<double> const &)" (?copyMakeBorder@cv@@YAXAEBV_InputArray@1@AEBV_OutputArray@1@HHHHHAEBV?$Scalar_@N@1@@Z)，该符号在函数 "public: void __cdecl OpticDiskSeg::ODSegment(class cv::Mat &,class cv::Mat &,int,int)" (?ODSegment@OpticDiskSeg@@QEAAXAEAVMat@cv@@0HH@Z) 中被引用
     1>OpticDiskSeg.obj : error LNK2019: 无法解析的外部符号 "void __cdecl cv::resize(class cv::_InputArray const &,class cv::_OutputArray const &,class cv::Size_<int>,double,double,int)" (?resize@cv@@YAXAEBV_InputArray@1@AEBV_OutputArray@1@V?$Size_@H@1@NNH@Z)，该符号在函数 "public: void __cdecl OpticDiskSeg::ODSegment(class cv::Mat &,class cv::Mat &,int,int)" (?ODSegment@OpticDiskSeg@@QEAAXAEAVMat@cv@@0HH@Z) 中被引用
     1>OpticDiskSeg.obj : error LNK2019: 无法解析的外部符号 "void __cdecl cv::warpAffine(class cv::_InputArray const &,class cv::_OutputArray const &,class cv::_InputArray const &,class cv::Size_<int>,int,int,class cv::Scalar_<double> const &)" (?warpAffine@cv@@YAXAEBV_InputArray@1@AEBV_OutputArray@1@0V?$Size_@H@1@HHAEBV?$Scalar_@N@1@@Z)，该符号在函数 "public: void __cdecl OpticDiskSeg::ODSegment(class cv::Mat &,class cv::Mat &,int,int)" (?ODSegment@OpticDiskSeg@@QEAAXAEAVMat@cv@@0HH@Z) 中被引用
     1>OpticDiskSeg.obj : error LNK2019: 无法解析的外部符号 "class cv::RotatedRect __cdecl cv::fitEllipse(class cv::_InputArray const &)" (?fitEllipse@cv@@YA?AVRotatedRect@1@AEBV_InputArray@1@@Z)，该符号在函数 "public: void __cdecl OpticDiskSeg::ODSegment(class cv::Mat &,class cv::Mat &,int,int)" (?ODSegment@OpticDiskSeg@@QEAAXAEAVMat@cv@@0HH@Z) 中被引用
     1>OpticDiskSeg.obj : error LNK2019: 无法解析的外部符号 "void __cdecl cv::ellipse(class cv::_InputOutputArray const &,class cv::RotatedRect const &,class cv::Scalar_<double> const &,int,int)" (?ellipse@cv@@YAXAEBV_InputOutputArray@1@AEBVRotatedRect@1@AEBV?$Scalar_@N@1@HH@Z)，该符号在函数 "public: void __cdecl OpticDiskSeg::ODSegment(class cv::Mat &,class cv::Mat &,int,int)" (?ODSegment@OpticDiskSeg@@QEAAXAEAVMat@cv@@0HH@Z) 中被引用
     1>paramwindow.obj : error LNK2001: 无法解析的外部符号 "public: virtual struct QMetaObject const * __cdecl ParamWindow::metaObject(void)const " (?metaObject@ParamWindow@@UEBAPEBUQMetaObject@@XZ)
     1>paramwindow.obj : error LNK2001: 无法解析的外部符号 "public: virtual void * __cdecl ParamWindow::qt_metacast(char const *)" (?qt_metacast@ParamWindow@@UEAAPEAXPEBD@Z)
     1>paramwindow.obj : error LNK2001: 无法解析的外部符号 "public: virtual int __cdecl ParamWindow::qt_metacall(enum QMetaObject::Call,int,void * *)" (?qt_metacall@ParamWindow@@UEAAHW4Call@QMetaObject@@HPEAPEAX@Z)
     1>D:\项目\眼底分级\糖网\代码\软件搭建\FundusImageProcessing\x64\Release\\FundusImageProcessing.exe : fatal error LNK1120: 41 个无法解析的外部命令
     1>已完成生成项目“D:\项目\眼底分级\糖网\代码\软件搭建\FundusImageProcessing\FundusImageProcessing\FundusImageProcessing.vcxproj”(Build 个目标)的操作 - 失败。

生成失败。

已用时间 00:00:30.23
